Library/Bee/Android/Prj/IL2CPP/Gradle/unityLibrary/build/intermediates/manifest_merge_blame_file/release/manifest-merger-blame-release-report.txt
1<?xml version="1.0" encoding="utf-8"?>
2<manifest xmlns:android="http://schemas.android.com/apk/res/android"
3    xmlns:tools="http://schemas.android.com/tools"
4    package="com.unity3d.player"
5    android:versionCode="1"
6    android:versionName="0.1" >
7
8    <uses-sdk
9        android:minSdkVersion="29"
9-->src\main\AndroidManifest.xml
10        android:targetSdkVersion="31" />
10-->src\main\AndroidManifest.xml
11
12    <uses-feature android:glEsVersion="0x00030000" />
12-->src\main\AndroidManifest.xml:20:3-52
12-->src\main\AndroidManifest.xml:20:17-49
13
14    <uses-permission android:name="android.permission.INTERNET" />
14-->src\main\AndroidManifest.xml:21:3-65
14-->src\main\AndroidManifest.xml:21:20-62
15    <uses-permission android:name="android.permission.ACCESS_FINE_LOCATION" />
15-->src\main\AndroidManifest.xml:22:3-77
15-->src\main\AndroidManifest.xml:22:20-74
16    <uses-permission android:name="android.permission.ACCESS_COARSE_LOCATION" />
16-->src\main\AndroidManifest.xml:23:3-79
16-->src\main\AndroidManifest.xml:23:20-76
17
18    <uses-feature
18-->src\main\AndroidManifest.xml:24:3-89
19        android:name="android.hardware.location.gps"
19-->src\main\AndroidManifest.xml:24:17-61
20        android:required="false" />
20-->src\main\AndroidManifest.xml:24:62-86
21    <uses-feature
21-->src\main\AndroidManifest.xml:25:3-85
22        android:name="android.hardware.location"
22-->src\main\AndroidManifest.xml:25:17-57
23        android:required="false" />
23-->src\main\AndroidManifest.xml:25:58-82
24    <uses-feature
24-->src\main\AndroidManifest.xml:26:3-88
25        android:name="android.hardware.touchscreen"
25-->src\main\AndroidManifest.xml:26:17-60
26        android:required="false" />
26-->src\main\AndroidManifest.xml:26:61-85
27    <uses-feature
27-->src\main\AndroidManifest.xml:27:3-99
28        android:name="android.hardware.touchscreen.multitouch"
28-->src\main\AndroidManifest.xml:27:17-71
29        android:required="false" />
29-->src\main\AndroidManifest.xml:27:72-96
30    <uses-feature
30-->src\main\AndroidManifest.xml:28:3-108
31        android:name="android.hardware.touchscreen.multitouch.distinct"
31-->src\main\AndroidManifest.xml:28:17-80
32        android:required="false" />
32-->src\main\AndroidManifest.xml:28:81-105
33
34    <uses-permission android:name="android.permission.CAMERA" />
34-->src\main\AndroidManifest.xml:29:3-63
34-->src\main\AndroidManifest.xml:29:20-60
35
36    <uses-feature
36-->src\main\AndroidManifest.xml:30:3-85
37        android:name="android.hardware.camera.ar"
37-->src\main\AndroidManifest.xml:30:17-58
38        android:required="true" />
38-->src\main\AndroidManifest.xml:30:59-82
39    <uses-feature
39-->src\main\AndroidManifest.xml:31:3-83
40        android:name="com.google.ar.core.depth"
40-->src\main\AndroidManifest.xml:31:17-56
41        android:required="true" />
41-->src\main\AndroidManifest.xml:31:57-80
42
43    <application android:extractNativeLibs="true" >
43-->src\main\AndroidManifest.xml:3:3-19:17
43-->src\main\AndroidManifest.xml:3:16-48
44        <activity
44-->src\main\AndroidManifest.xml:4:5-11:16
45            android:name="com.unity3d.player.UnityPlayerActivity"
45-->src\main\AndroidManifest.xml:4:15-68
46            android:configChanges="mcc|mnc|locale|touchscreen|keyboard|keyboardHidden|navigation|orientation|screenLayout|uiMode|screenSize|smallestScreenSize|fontScale|layoutDirection|density"
46-->src\main\AndroidManifest.xml:4:180-361
47            android:exported="true"
47-->src\main\AndroidManifest.xml:4:433-456
48            android:hardwareAccelerated="false"
48-->src\main\AndroidManifest.xml:4:397-432
49            android:launchMode="singleTask"
49-->src\main\AndroidManifest.xml:4:148-179
50            android:resizeableActivity="false"
50-->src\main\AndroidManifest.xml:4:362-396
51            android:screenOrientation="portrait"
51-->src\main\AndroidManifest.xml:4:111-147
52            android:theme="@style/UnityThemeSelector" >
52-->src\main\AndroidManifest.xml:4:69-110
53            <intent-filter>
53-->src\main\AndroidManifest.xml:5:7-8:23
54                <action android:name="android.intent.action.MAIN" />
54-->src\main\AndroidManifest.xml:6:9-61
54-->src\main\AndroidManifest.xml:6:17-58
55
56                <category android:name="android.intent.category.LAUNCHER" />
56-->src\main\AndroidManifest.xml:7:9-69
56-->src\main\AndroidManifest.xml:7:19-66
57            </intent-filter>
58
59            <meta-data
59-->src\main\AndroidManifest.xml:9:7-82
60                android:name="unityplayer.UnityActivity"
60-->src\main\AndroidManifest.xml:9:18-58
61                android:value="true" />
61-->src\main\AndroidManifest.xml:9:59-79
62            <meta-data
62-->src\main\AndroidManifest.xml:10:7-78
63                android:name="android.notch_support"
63-->src\main\AndroidManifest.xml:10:18-54
64                android:value="true" />
64-->src\main\AndroidManifest.xml:10:55-75
65        </activity>
66
67        <meta-data
67-->src\main\AndroidManifest.xml:12:5-69
68            android:name="unity.splash-mode"
68-->src\main\AndroidManifest.xml:12:16-48
69            android:value="0" />
69-->src\main\AndroidManifest.xml:12:49-66
70        <meta-data
70-->src\main\AndroidManifest.xml:13:5-74
71            android:name="unity.splash-enable"
71-->src\main\AndroidManifest.xml:13:16-50
72            android:value="True" />
72-->src\main\AndroidManifest.xml:13:51-71
73        <meta-data
73-->src\main\AndroidManifest.xml:14:5-78
74            android:name="unity.launch-fullscreen"
74-->src\main\AndroidManifest.xml:14:16-54
75            android:value="True" />
75-->src\main\AndroidManifest.xml:14:55-75
76        <meta-data
76-->src\main\AndroidManifest.xml:15:5-84
77            android:name="unity.allow-resizable-window"
77-->src\main\AndroidManifest.xml:15:16-59
78            android:value="False" />
78-->src\main\AndroidManifest.xml:15:60-81
79        <meta-data
79-->src\main\AndroidManifest.xml:16:5-81
80            android:name="notch.config"
80-->src\main\AndroidManifest.xml:16:16-43
81            android:value="portrait|landscape" />
81-->src\main\AndroidManifest.xml:16:44-78
82        <meta-data
82-->src\main\AndroidManifest.xml:17:5-88
83            android:name="unityplayer.SkipPermissionsDialog"
83-->src\main\AndroidManifest.xml:17:16-64
84            android:value="true" />
84-->src\main\AndroidManifest.xml:17:65-85
85        <meta-data
85-->src\main\AndroidManifest.xml:18:5-77
86            android:name="com.google.ar.core"
86-->src\main\AndroidManifest.xml:18:16-49
87            android:value="required" />
87-->src\main\AndroidManifest.xml:18:50-74
88    </application>
89
90</manifest>